May 27, 2020 4:41:45 PM ShopFrontGuestCheckoutTest 
FINER: ENTRY
May 27, 2020 4:42:18 PM  TC001 - HomePageLaunched
INFO: Logout successful
May 27, 2020 4:42:40 PM  TC002 - Search Product
INFO: Logout successful
May 27, 2020 4:42:51 PM  TC003 - Add Product
INFO: Logout successful
May 27, 2020 4:43:21 PM  TC004 - Checkout
INFO: Logout Failed
May 27, 2020 4:43:38 PM  TC005 - Checkout as guest
INFO: Logout successful
May 27, 2020 4:43:57 PM  TC006 - Shiiping Address
INFO: Logout successful
May 27, 2020 4:44:26 PM  TC008 - Place Order
INFO: Element '[[ChromeDriver: chrome on WINDOWS (c22736b7b4defdb22238a5cf14ddc5c0)] -> xpath: //a[@data-behat='complete-purchase']]' is present in the DOM, but not able to interact 
May 27, 2020 4:44:44 PM  TC008 - Place Order
INFO: Logout Failed
May 27, 2020 4:44:48 PM ShopFrontGuestCheckoutTest 
FINER: RETURN
