Jun 07, 2020 3:47:29 PM ShopFrontGuestCheckoutTest 
FINER: ENTRY
Jun 07, 2020 3:47:55 PM  TC001 - HomePageLaunched
INFO: Application Launched successful
Jun 07, 2020 3:48:18 PM  TC002 - Search Product
INFO: Search successful
Jun 07, 2020 3:48:31 PM  TC003 - Add Product
INFO: Product Added successfully
Jun 07, 2020 3:49:06 PM  TC004 - Checkout
INFO: Proceed to Checkout failed
Jun 07, 2020 3:49:22 PM  TC005 - Checkout as guest
INFO: Checkout as guest is successful
Jun 07, 2020 3:49:41 PM  TC006 - Shiiping Address
INFO: Address checkout is successful
Jun 07, 2020 3:50:08 PM  TC007 - Payment
INFO: Payment successful
Jun 07, 2020 3:50:29 PM  TC008 - Place Order
INFO: Review Order successful
Jun 07, 2020 3:50:30 PM ShopFrontGuestCheckoutTest 
FINER: RETURN
